  chipmunk.c
  cpArbiter.c
  cpArray.c
  cpBBTree.c
  cpBody.c
  cpCollision.c
  cpConstraint.c
  cpDampedRotarySpring.c
  cpDampedSpring.c
  cpGearJoint.c
  cpGrooveJoint.c
  cpHashSet.c
  cpPinJoint.c
  cpPivotJoint.c
  cpPolyShape.c
  cpRatchetJoint.c
  cpRobust.c
  cpRotaryLimitJoint.c
  cpShape.c
  cpSimpleMotor.c
  正在生成代码...
  正在编译...
  cpSlideJoint.c
  cpSpace.c
  cpSpaceComponent.c
  cpSpaceDebug.c
  cpSpaceHash.c
  cpSpaceQuery.c
  cpSpaceStep.c
  cpSpatialIndex.c
  cpSweep1D.c
  正在生成代码...
  chipmunk.vcxproj -> D:\CodeSpaces\vendor\Chipmunk2D-master\msvc\VS2015\chipmunk\Win32\Debug SCRT\chipmunk.lib
